<?xml version="1.0" encoding="UTF-8"?>
<!-- Generated by org.testng.reporters.JUnitReportReporter -->
<testsuite hostname="Purna" failures="0" tests="1" name="org.QAfoxProject.desktops.Desktops_PC_Test" time="7.253" errors="0" timestamp="2025-01-28T22:34:42 IST" skipped="0">
  <testcase classname="org.QAfoxProject.desktops.Desktops_PC_Test" name="addProduct_Desktops_PC" time="7.253"/>
  <system-out>
    <![CDATA[addProduct_Desktops_PC onTestStart ..!!
addProduct_Desktops_PC onTestSuccess ..!!]]>
  </system-out>
</testsuite> <!-- org.QAfoxProject.desktops.Desktops_PC_Test -->
