<?xml version="1.0" encoding="UTF-8"?>
<!-- Generated by org.testng.reporters.JUnitReportReporter -->
<testsuite hostname="Purna" failures="0" tests="1" name="org.QAfoxProject.components.Components_Printers_Test" time="1.748" errors="0" timestamp="2025-01-24T09:58:40 IST" skipped="0">
  <testcase classname="org.QAfoxProject.components.Components_Printers_Test" name="verify_Components_Printers" time="1.748"/>
  <system-out/>
</testsuite> <!-- org.QAfoxProject.components.Components_Printers_Test -->
