<?xml version="1.0" encoding="UTF-8"?>
<testng-results ignored="4" total="6" passed="1" failed="1" skipped="0">
  <reporter-output>
    <line>
      <![CDATA[Getting ReportConnection Successful]]>
    </line>
    <line>
      <![CDATA[ChromeTest onStart ..!!]]>
    </line>
    <line>
      <![CDATA[Getting TestRunnerConnection Successful]]>
    </line>
    <line>
      <![CDATA[Browser Launched Successfully]]>
    </line>
    <line>
      <![CDATA[Navigate To the Application Successful]]>
    </line>
    <line>
      <![CDATA[Maximize the Browser Successful]]>
    </line>
    <line>
      <![CDATA[Click on My Account Header_Link Successful]]>
    </line>
    <line>
      <![CDATA[Click on Login Header_Link Successful]]>
    </line>
    <line>
      <![CDATA[Login Successful]]>
    </line>
    <line>
      <![CDATA[addProduct_Desktops_Mac onTestStart ..!!]]>
    </line>
    <line>
      <![CDATA[Product Name: iMac]]>
    </line>
    <line>
      <![CDATA[Product Brand: Apple]]>
    </line>
    <line>
      <![CDATA[Product Code: Product 14]]>
    </line>
    <line>
      <![CDATA[Product Price: $122.00]]>
    </line>
    <line>
      <![CDATA[Product ExPrice: $100.00]]>
    </line>
    <line>
      <![CDATA[Product Description: Just when you thought iMac had everything, now there´s even more. More powerful Intel Core 2 Duo processors. And more memory standard. Combine this with Mac OS X Leopard and iLife ´08, and it´s more all-in-one than ever. iMac packs amazing performance into a stunningly slim space.]]>
    </line>
    <line>
      <![CDATA[addProduct_Desktops_Mac onTestFailure ..!!]]>
    </line>
    <line>
      <![CDATA[Screenshot saved at: ./TestScreenShot/addProduct_Desktops_Mac_28_01_2025_10_34_29_543.png]]>
    </line>
    <line>
      <![CDATA[Logout Successful]]>
    </line>
    <line>
      <![CDATA[Browser Terminated Successfully]]>
    </line>
    <line>
      <![CDATA[Browser Launched Successfully]]>
    </line>
    <line>
      <![CDATA[Navigate To the Application Successful]]>
    </line>
    <line>
      <![CDATA[Maximize the Browser Successful]]>
    </line>
    <line>
      <![CDATA[Click on My Account Header_Link Successful]]>
    </line>
    <line>
      <![CDATA[Click on Login Header_Link Successful]]>
    </line>
    <line>
      <![CDATA[Login Successful]]>
    </line>
    <line>
      <![CDATA[addProduct_Desktops_PC onTestStart ..!!]]>
    </line>
    <line>
      <![CDATA[addProduct_Desktops_PC onTestSuccess ..!!]]>
    </line>
    <line>
      <![CDATA[Logout Successful]]>
    </line>
    <line>
      <![CDATA[Browser Terminated Successfully]]>
    </line>
    <line>
      <![CDATA[Terminating TestRunnerConnection Successful]]>
    </line>
    <line>
      <![CDATA[Terminating ReportConnection Successful]]>
    </line>
  </reporter-output>
  <suite started-at="2025-01-28T22:34:14 IST" name="Suite_Functionality" finished-at="2025-01-28T22:34:41 IST" duration-ms="26350">
    <groups>
    </groups>
    <test started-at="2025-01-28T22:34:14 IST" name="ChromeTest" finished-at="2025-01-28T22:34:41 IST" duration-ms="26350">
      <class name="org.QAfoxProject.desktops.Desktops_PC_Test">
        <test-method is-config="true" signature="browserSetup()[pri:0, instance:org.QAfoxProject.desktops.Desktops_PC_Test@710f4dc7]" started-at="2025-01-28T22:34:30 IST" name="browserSetup" finished-at="2025-01-28T22:34:33 IST" duration-ms="3177" status="PASS">
          <reporter-output>
            <line>
              <![CDATA[Browser Launched Successfully]]>
            </line>
            <line>
              <![CDATA[Navigate To the Application Successful]]>
            </line>
            <line>
              <![CDATA[Maximize the Browser Successful]]>
            </line>
            <line>
              <![CDATA[Click on My Account Header_Link Successful]]>
            </line>
            <line>
              <![CDATA[Click on Login Header_Link Successful]]>
            </line>
          </reporter-output>
        </test-method> <!-- browserSetup -->
        <test-method is-config="true" signature="login()[pri:0, instance:org.QAfoxProject.desktops.Desktops_PC_Test@710f4dc7]" started-at="2025-01-28T22:34:33 IST" name="login" finished-at="2025-01-28T22:34:35 IST" duration-ms="1402" status="PASS">
          <reporter-output>
            <line>
              <![CDATA[Login Successful]]>
            </line>
          </reporter-output>
        </test-method> <!-- login -->
        <test-method signature="addProduct_Desktops_PC()[pri:0, instance:org.QAfoxProject.desktops.Desktops_PC_Test@710f4dc7]" started-at="2025-01-28T22:34:35 IST" name="addProduct_Desktops_PC" finished-at="2025-01-28T22:34:40 IST" duration-ms="5295" status="PASS">
          <reporter-output>
            <line>
              <![CDATA[addProduct_Desktops_PC onTestStart ..!!]]>
            </line>
            <line>
              <![CDATA[addProduct_Desktops_PC onTestSuccess ..!!]]>
            </line>
          </reporter-output>
        </test-method> <!-- addProduct_Desktops_PC -->
        <test-method is-config="true" signature="logout()[pri:0, instance:org.QAfoxProject.desktops.Desktops_PC_Test@710f4dc7]" started-at="2025-01-28T22:34:40 IST" name="logout" finished-at="2025-01-28T22:34:40 IST" duration-ms="556" status="PASS">
          <reporter-output>
            <line>
              <![CDATA[Logout Successful]]>
            </line>
          </reporter-output>
        </test-method> <!-- logout -->
        <test-method is-config="true" signature="browserTerminate()[pri:0, instance:org.QAfoxProject.desktops.Desktops_PC_Test@710f4dc7]" started-at="2025-01-28T22:34:40 IST" name="browserTerminate" finished-at="2025-01-28T22:34:41 IST" duration-ms="271" status="PASS">
          <reporter-output>
            <line>
              <![CDATA[Browser Terminated Successfully]]>
            </line>
          </reporter-output>
        </test-method> <!-- browserTerminate -->
      </class> <!-- org.QAfoxProject.desktops.Desktops_PC_Test -->
      <class name="org.QAfoxProject.desktops.Desktops_Mac_Test">
        <test-method is-config="true" signature="getReportConnection()[pri:0, instance:org.QAfoxProject.desktops.Desktops_Mac_Test@2aceadd4]" started-at="2025-01-28T22:34:14 IST" name="getReportConnection" finished-at="2025-01-28T22:34:14 IST" duration-ms="161" status="PASS">
          <reporter-output>
            <line>
              <![CDATA[Getting ReportConnection Successful]]>
            </line>
          </reporter-output>
        </test-method> <!-- getReportConnection -->
        <test-method is-config="true" signature="getTestRunnerConnection()[pri:0, instance:org.QAfoxProject.desktops.Desktops_Mac_Test@2aceadd4]" started-at="2025-01-28T22:34:14 IST" name="getTestRunnerConnection" finished-at="2025-01-28T22:34:14 IST" duration-ms="2" status="PASS">
          <reporter-output>
            <line>
              <![CDATA[Getting TestRunnerConnection Successful]]>
            </line>
          </reporter-output>
        </test-method> <!-- getTestRunnerConnection -->
        <test-method is-config="true" signature="browserSetup()[pri:0, instance:org.QAfoxProject.desktops.Desktops_Mac_Test@2aceadd4]" started-at="2025-01-28T22:34:14 IST" name="browserSetup" finished-at="2025-01-28T22:34:22 IST" duration-ms="7674" status="PASS">
          <reporter-output>
            <line>
              <![CDATA[Browser Launched Successfully]]>
            </line>
            <line>
              <![CDATA[Navigate To the Application Successful]]>
            </line>
            <line>
              <![CDATA[Maximize the Browser Successful]]>
            </line>
            <line>
              <![CDATA[Click on My Account Header_Link Successful]]>
            </line>
            <line>
              <![CDATA[Click on Login Header_Link Successful]]>
            </line>
          </reporter-output>
        </test-method> <!-- browserSetup -->
        <test-method is-config="true" signature="login()[pri:0, instance:org.QAfoxProject.desktops.Desktops_Mac_Test@2aceadd4]" started-at="2025-01-28T22:34:22 IST" name="login" finished-at="2025-01-28T22:34:24 IST" duration-ms="1485" status="PASS">
          <reporter-output>
            <line>
              <![CDATA[Login Successful]]>
            </line>
          </reporter-output>
        </test-method> <!-- login -->
        <test-method signature="addProduct_Desktops_Mac()[pri:0, instance:org.QAfoxProject.desktops.Desktops_Mac_Test@2aceadd4]" started-at="2025-01-28T22:34:24 IST" name="addProduct_Desktops_Mac" finished-at="2025-01-28T22:34:29 IST" duration-ms="5337" status="FAIL">
          <exception class="org.openqa.selenium.StaleElementReferenceException">
            <message>
              <![CDATA[stale element reference: stale element not found in the current frame
  (Session info: chrome=132.0.6834.111)
For documentation on this error, please visit: https://www.selenium.dev/documentation/webdriver/troubleshooting/errors#stale-element-reference-exception
Build info: version: '4.28.0', revision: 'ac342546e9'
System info: os.name: 'Windows 11', os.arch: 'amd64', os.version: '10.0', java.version: '23.0.1'
Driver info: org.openqa.selenium.chrome.ChromeDriver
Command: [bfe792a2382e4549869568665cef0243, clickElement {id=f.C972021A500786790EC6B8E67D96B024.d.7D85C421555FB2B8B8A443B1A313C9C7.e.131}]
Capabilities {acceptInsecureCerts: false, browserName: chrome, browserVersion: 132.0.6834.111, chrome: {chromedriverVersion: 132.0.6834.110 (df453a35f09..., userDataDir: C:\Users\Lenovo\AppData\Loc...}, fedcm:accounts: true, goog:chromeOptions: {debuggerAddress: localhost:50246}, networkConnectionEnabled: false, pageLoadStrategy: normal, platformName: windows, proxy: Proxy(), se:cdp: ws://localhost:50246/devtoo..., se:cdpVersion: 132.0.6834.111, setWindowRect: true, strictFileInteractability: false, timeouts: {implicit: 0, pageLoad: 300000, script: 30000}, unhandledPromptBehavior: dismiss and notify, webauthn:extension:credBlob: true, webauthn:extension:largeBlob: true, webauthn:extension:minPinLength: true, webauthn:extension:prf: true, webauthn:virtualAuthenticators: true}
Element: [[ChromeDriver: chrome on windows (bfe792a2382e4549869568665cef0243)] -> xpath: //div[@id='cart']/ul/descendant::p/a[contains(@href,'cart')]]
Session ID: bfe792a2382e4549869568665cef0243]]>
            </message>
            <full-stacktrace>
              <![CDATA[org.openqa.selenium.StaleElementReferenceException: stale element reference: stale element not found in the current frame
  (Session info: chrome=132.0.6834.111)
For documentation on this error, please visit: https://www.selenium.dev/documentation/webdriver/troubleshooting/errors#stale-element-reference-exception
Build info: version: '4.28.0', revision: 'ac342546e9'
System info: os.name: 'Windows 11', os.arch: 'amd64', os.version: '10.0', java.version: '23.0.1'
Driver info: org.openqa.selenium.chrome.ChromeDriver
Command: [bfe792a2382e4549869568665cef0243, clickElement {id=f.C972021A500786790EC6B8E67D96B024.d.7D85C421555FB2B8B8A443B1A313C9C7.e.131}]
Capabilities {acceptInsecureCerts: false, browserName: chrome, browserVersion: 132.0.6834.111, chrome: {chromedriverVersion: 132.0.6834.110 (df453a35f09..., userDataDir: C:\Users\Lenovo\AppData\Loc...}, fedcm:accounts: true, goog:chromeOptions: {debuggerAddress: localhost:50246}, networkConnectionEnabled: false, pageLoadStrategy: normal, platformName: windows, proxy: Proxy(), se:cdp: ws://localhost:50246/devtoo..., se:cdpVersion: 132.0.6834.111, setWindowRect: true, strictFileInteractability: false, timeouts: {implicit: 0, pageLoad: 300000, script: 30000}, unhandledPromptBehavior: dismiss and notify, webauthn:extension:credBlob: true, webauthn:extension:largeBlob: true, webauthn:extension:minPinLength: true, webauthn:extension:prf: true, webauthn:virtualAuthenticators: true}
Element: [[ChromeDriver: chrome on windows (bfe792a2382e4549869568665cef0243)] -> xpath: //div[@id='cart']/ul/descendant::p/a[contains(@href,'cart')]]
Session ID: bfe792a2382e4549869568665cef0243
at java.base/jdk.internal.reflect.DirectConstructorHandleAccessor.newInstance(DirectConstructorHandleAccessor.java:62)
at java.base/java.lang.reflect.Constructor.newInstanceWithCaller(Constructor.java:501)
at java.base/java.lang.reflect.Constructor.newInstance(Constructor.java:485)
at org.openqa.selenium.remote.ErrorCodec.decode(ErrorCodec.java:167)
at org.openqa.selenium.remote.codec.w3c.W3CHttpResponseCodec.decode(W3CHttpResponseCodec.java:138)
at org.openqa.selenium.remote.codec.w3c.W3CHttpResponseCodec.decode(W3CHttpResponseCodec.java:50)
at org.openqa.selenium.remote.HttpCommandExecutor.execute(HttpCommandExecutor.java:215)
at org.openqa.selenium.remote.service.DriverCommandExecutor.invokeExecute(DriverCommandExecutor.java:216)
at org.openqa.selenium.remote.service.DriverCommandExecutor.execute(DriverCommandExecutor.java:174)
at org.openqa.selenium.remote.RemoteWebDriver.execute(RemoteWebDriver.java:545)
at org.openqa.selenium.remote.RemoteWebElement.execute(RemoteWebElement.java:223)
at org.openqa.selenium.remote.RemoteWebElement.click(RemoteWebElement.java:76)
at java.base/jdk.internal.reflect.DirectMethodHandleAccessor.invoke(DirectMethodHandleAccessor.java:103)
at java.base/java.lang.reflect.Method.invoke(Method.java:580)
at org.openqa.selenium.support.pagefactory.internal.LocatingElementHandler.invoke(LocatingElementHandler.java:51)
at jdk.proxy2/jdk.proxy2.$Proxy20.click(Unknown Source)
at org.QAfoxProject.desktops.Desktops_Mac_Test.addProduct_Desktops_Mac(Desktops_Mac_Test.java:83)
at java.base/jdk.internal.reflect.DirectMethodHandleAccessor.invoke(DirectMethodHandleAccessor.java:103)
at java.base/java.lang.reflect.Method.invoke(Method.java:580)
at org.testng.internal.invokers.MethodInvocationHelper.invokeMethod(MethodInvocationHelper.java:139)
at org.testng.internal.invokers.TestInvoker.invokeMethod(TestInvoker.java:677)
at org.testng.internal.invokers.TestInvoker.invokeTestMethod(TestInvoker.java:221)
at org.testng.internal.invokers.MethodRunner.runInSequence(MethodRunner.java:50)
at org.testng.internal.invokers.TestInvoker$MethodInvocationAgent.invoke(TestInvoker.java:969)
at org.testng.internal.invokers.TestInvoker.invokeTestMethods(TestInvoker.java:194)
at org.testng.internal.invokers.TestMethodWorker.invokeTestMethods(TestMethodWorker.java:148)
at org.testng.internal.invokers.TestMethodWorker.run(TestMethodWorker.java:128)
at java.base/java.util.ArrayList.forEach(ArrayList.java:1597)
at org.testng.TestRunner.privateRun(TestRunner.java:829)
at org.testng.TestRunner.run(TestRunner.java:602)
at org.testng.SuiteRunner.runTest(SuiteRunner.java:437)
at org.testng.SuiteRunner$SuiteWorker.run(SuiteRunner.java:475)
at org.testng.internal.thread.ThreadUtil.lambda$execute$0(ThreadUtil.java:58)
at java.base/java.util.concurrent.FutureTask.run(FutureTask.java:317)
at java.base/java.util.concurrent.ThreadPoolExecutor.runWorker(ThreadPoolExecutor.java:1144)
at java.base/java.util.concurrent.ThreadPoolExecutor$Worker.run(ThreadPoolExecutor.java:642)
at java.base/java.lang.Thread.run(Thread.java:1575)
]]>
            </full-stacktrace>
          </exception> <!-- org.openqa.selenium.StaleElementReferenceException -->
          <reporter-output>
            <line>
              <![CDATA[addProduct_Desktops_Mac onTestStart ..!!]]>
            </line>
            <line>
              <![CDATA[Product Name: iMac]]>
            </line>
            <line>
              <![CDATA[Product Brand: Apple]]>
            </line>
            <line>
              <![CDATA[Product Code: Product 14]]>
            </line>
            <line>
              <![CDATA[Product Price: $122.00]]>
            </line>
            <line>
              <![CDATA[Product ExPrice: $100.00]]>
            </line>
            <line>
              <![CDATA[Product Description: Just when you thought iMac had everything, now there´s even more. More powerful Intel Core 2 Duo processors. And more memory standard. Combine this with Mac OS X Leopard and iLife ´08, and it´s more all-in-one than ever. iMac packs amazing performance into a stunningly slim space.]]>
            </line>
            <line>
              <![CDATA[addProduct_Desktops_Mac onTestFailure ..!!]]>
            </line>
            <line>
              <![CDATA[Screenshot saved at: ./TestScreenShot/addProduct_Desktops_Mac_28_01_2025_10_34_29_543.png]]>
            </line>
          </reporter-output>
        </test-method> <!-- addProduct_Desktops_Mac -->
        <test-method is-config="true" signature="logout()[pri:0, instance:org.QAfoxProject.desktops.Desktops_Mac_Test@2aceadd4]" started-at="2025-01-28T22:34:29 IST" name="logout" finished-at="2025-01-28T22:34:30 IST" duration-ms="506" status="PASS">
          <reporter-output>
            <line>
              <![CDATA[Logout Successful]]>
            </line>
          </reporter-output>
        </test-method> <!-- logout -->
        <test-method is-config="true" signature="browserTerminate()[pri:0, instance:org.QAfoxProject.desktops.Desktops_Mac_Test@2aceadd4]" started-at="2025-01-28T22:34:30 IST" name="browserTerminate" finished-at="2025-01-28T22:34:30 IST" duration-ms="340" status="PASS">
          <reporter-output>
            <line>
              <![CDATA[Browser Terminated Successfully]]>
            </line>
          </reporter-output>
        </test-method> <!-- browserTerminate -->
        <test-method is-config="true" signature="terminateTestRunnerConnection()[pri:0, instance:org.QAfoxProject.desktops.Desktops_Mac_Test@2aceadd4]" started-at="2025-01-28T22:34:41 IST" name="terminateTestRunnerConnection" finished-at="2025-01-28T22:34:41 IST" duration-ms="2" status="PASS">
          <reporter-output>
            <line>
              <![CDATA[Terminating TestRunnerConnection Successful]]>
            </line>
          </reporter-output>
        </test-method> <!-- terminateTestRunnerConnection -->
        <test-method is-config="true" signature="terminateReportConnection()[pri:0, instance:org.QAfoxProject.desktops.Desktops_Mac_Test@2aceadd4]" started-at="2025-01-28T22:34:41 IST" name="terminateReportConnection" finished-at="2025-01-28T22:34:41 IST" duration-ms="439" status="PASS">
          <reporter-output>
            <line>
              <![CDATA[Terminating ReportConnection Successful]]>
            </line>
          </reporter-output>
        </test-method> <!-- terminateReportConnection -->
      </class> <!-- org.QAfoxProject.desktops.Desktops_Mac_Test -->
    </test> <!-- ChromeTest -->
  </suite> <!-- Suite_Functionality -->
</testng-results>
